<?xml version="1.0" encoding="UTF-8"?>
<testsuite xmlns:xsi="http://www.w3.org/2001/XMLSchema-instance" xsi:noNamespaceSchemaLocation="https://maven.apache.org/surefire/maven-surefire-plugin/xsd/surefire-test-report-3.0.xsd" version="3.0" name="unit.BibliotecaMusicalTest" time="1.233" tests="12" errors="0" skipped="0" failures="0">
  <properties>
[...]
</properties>
  <testcase name="naoDeveRemoverMusicaInexistente" classname="unit.BibliotecaMusicalTest" time="1.153">
    <system-err><![CDATA[Mockito is currently self-attaching to enable the inline-mock-maker. This will no longer work in future releases of the JDK. Please add Mockito as an agent to your build what is described in Mockito's documentation: https://javadoc.io/doc/org.mockito/mockito-core/latest/org/mockito/Mockito.html#0.3
WARNING: A Java agent has been loaded dynamically (C:\Users\PC\.m2\repository\net\bytebuddy\byte-buddy-agent\1.15.4\byte-buddy-agent-1.15.4.jar)
WARNING: If a serviceability tool is in use, please run with -XX:+EnableDynamicAgentLoading to hide this warning
WARNING: If a serviceability tool is not in use, please run with -Djdk.instrument.traceUsage for more information
WARNING: Dynamic loading of agents will be disallowed by default in a future release
]]></system-err>
  </testcase>
  <testcase name="deveRemoverMusicaPorId" classname="unit.BibliotecaMusicalTest" time="0.011"/>
  <testcase name="naoDeveAdicionarMusicaDuplicada" classname="unit.BibliotecaMusicalTest" time="0.003"/>
  <testcase name="deveVerificarDuplicidadeCorretamente" classname="unit.BibliotecaMusicalTest" time="0.003"/>
  <testcase name="deveAdicionarMusicaComSucesso" classname="unit.BibliotecaMusicalTest" time="0.003"/>
  <testcase name="deveBuscarPorGenero" classname="unit.BibliotecaMusicalTest" time="0.003"/>
  <testcase name="naoDeveAdicionarMusicaNula" classname="unit.BibliotecaMusicalTest" time="0.004"/>
  <testcase name="deveBuscarPorTitulo" classname="unit.BibliotecaMusicalTest" time="0.005"/>
  <testcase name="deveBuscarPorArtista" classname="unit.BibliotecaMusicalTest" time="0.003"/>
  <testcase name="deveRetornarListaImutavel" classname="unit.BibliotecaMusicalTest" time="0.006"/>
  <testcase name="naoDeveEditarMusicaInexistente" classname="unit.BibliotecaMusicalTest" time="0.003"/>
  <testcase name="deveEditarMusicaExistente" classname="unit.BibliotecaMusicalTest" time="0.002"/>
</testsuite>