<?xml version="1.0" encoding="UTF-8"?>
<testsuite xmlns:xsi="http://www.w3.org/2001/XMLSchema-instance" xsi:noNamespaceSchemaLocation="https://maven.apache.org/surefire/maven-surefire-plugin/xsd/surefire-test-report-3.0.xsd" version="3.0" name="e2e.MusicaE2ETest" time="31.616" tests="2" errors="0" skipped="0" failures="0">
  <properties>
[...]
</properties>
  <testcase name="testScenario_AddAndRemoveMusicaSuccessfully" classname="e2e.MusicaE2ETest" time="15.647">
    <system-out><![CDATA[[FileStorage] Criado novo arquivo CSV em: C:\Users\PC\musicas.csv
[FileStorage] Arquivo salvo com sucesso em: C:\Users\PC\musicas.csv
[UsuarioRepository] Usuário de teste 'test@test.com' adicionado para E2E.
[FileStorage] Arquivo CSV existente detectado em: C:\Users\PC\musicas.csv
[FileStorage] Arquivo salvo com sucesso em: C:\Users\PC\musicas.csv
[FileStorage] Arquivo CSV existente detectado em: C:\Users\PC\musicas.csv
[FileStorage] Arquivo salvo com sucesso em: C:\Users\PC\musicas.csv
]]></system-out>
    <system-err><![CDATA[Exception in thread "AWT-EventQueue-0" java.lang.IndexOutOfBoundsException: Index 3 out of bounds for length 3
	at java.base/jdk.internal.util.Preconditions.outOfBounds(Preconditions.java:100)
	at java.base/jdk.internal.util.Preconditions.outOfBoundsCheckIndex(Preconditions.java:106)
	at java.base/jdk.internal.util.Preconditions.checkIndex(Preconditions.java:302)
	at java.base/java.util.Objects.checkIndex(Objects.java:365)
	at java.base/java.util.ArrayList.get(ArrayList.java:428)
	at java.base/java.util.Collections$UnmodifiableList.get(Collections.java:1502)
	at app.MusicaTableModel.getValueAt(MusicaTableModel.java:48)
	at java.desktop/javax.swing.JTable.getValueAt(JTable.java:2774)
	at java.desktop/javax.swing.JTable.prepareRenderer(JTable.java:5804)
	at java.desktop/javax.swing.plaf.basic.BasicTableUI.paintCell(BasicTableUI.java:2187)
	at java.desktop/javax.swing.plaf.basic.BasicTableUI.paintCells(BasicTableUI.java:2086)
	at java.desktop/javax.swing.plaf.basic.BasicTableUI.paint(BasicTableUI.java:1882)
	at java.desktop/javax.swing.plaf.ComponentUI.update(ComponentUI.java:161)
	at java.desktop/javax.swing.JComponent.paintComponent(JComponent.java:852)
	at java.desktop/javax.swing.JComponent.paint(JComponent.java:1128)
	at java.desktop/javax.swing.JComponent.paintChildren(JComponent.java:961)
	at java.desktop/javax.swing.JComponent.paint(JComponent.java:1137)
	at java.desktop/javax.swing.JViewport.paint(JViewport.java:736)
	at java.desktop/javax.swing.JComponent.paintChildren(JComponent.java:961)
	at java.desktop/javax.swing.JComponent.paint(JComponent.java:1137)
	at java.desktop/javax.swing.JComponent.paintChildren(JComponent.java:961)
	at java.desktop/javax.swing.JComponent.paint(JComponent.java:1137)
	at java.desktop/javax.swing.JComponent.paintChildren(JComponent.java:961)
	at java.desktop/javax.swing.JComponent.paint(JComponent.java:1137)
	at java.desktop/javax.swing.JComponent.paintChildren(JComponent.java:961)
	at java.desktop/javax.swing.JComponent.paint(JComponent.java:1137)
	at java.desktop/javax.swing.JLayeredPane.paint(JLayeredPane.java:586)
	at java.desktop/javax.swing.JComponent.paintChildren(JComponent.java:961)
	at java.desktop/javax.swing.JComponent.paintToOffscreen(JComponent.java:5331)
	at java.desktop/javax.swing.RepaintManager$PaintManager.paintDoubleBufferedImpl(RepaintManager.java:1599)
	at java.desktop/javax.swing.RepaintManager$PaintManager.paintDoubleBuffered(RepaintManager.java:1574)
	at java.desktop/javax.swing.RepaintManager$PaintManager.paint(RepaintManager.java:1512)
	at java.desktop/javax.swing.RepaintManager.paint(RepaintManager.java:1279)
	at java.desktop/javax.swing.JComponent.paint(JComponent.java:1114)
	at java.desktop/java.awt.GraphicsCallback$PaintCallback.run(GraphicsCallback.java:39)
	at java.desktop/sun.awt.SunGraphicsCallback.runOneComponent(SunGraphicsCallback.java:75)
	at java.desktop/sun.awt.SunGraphicsCallback.runComponents(SunGraphicsCallback.java:112)
	at java.desktop/java.awt.Container.paint(Container.java:1999)
	at java.desktop/java.awt.Window.paint(Window.java:3850)
	at java.desktop/javax.swing.RepaintManager.paintDirtyRegions(RepaintManager.java:836)
	at java.desktop/javax.swing.RepaintManager.paintDirtyRegions(RepaintManager.java:788)
	at java.desktop/javax.swing.RepaintManager.prePaintDirtyRegions(RepaintManager.java:738)
	at java.desktop/javax.swing.RepaintManager$ProcessingRunnable.run(RepaintManager.java:1840)
	at java.desktop/java.awt.event.InvocationEvent.dispatch(InvocationEvent.java:318)
	at java.desktop/java.awt.EventQueue.dispatchEventImpl(EventQueue.java:723)
	at java.desktop/java.awt.EventQueue.dispatchEvent(EventQueue.java:702)
	at java.desktop/java.awt.EventDispatchThread.pumpOneEventForFilters(EventDispatchThread.java:203)
	at java.desktop/java.awt.EventDispatchThread.pumpEventsForFilter(EventDispatchThread.java:124)
	at java.desktop/java.awt.EventDispatchThread.pumpEventsForFilter(EventDispatchThread.java:117)
	at java.desktop/java.awt.WaitDispatchSupport$2.run(WaitDispatchSupport.java:187)
	at java.desktop/java.awt.WaitDispatchSupport.enter(WaitDispatchSupport.java:229)
	at java.desktop/java.awt.Dialog.show(Dialog.java:1051)
	at java.desktop/javax.swing.JOptionPane.showOptionDialog(JOptionPane.java:881)
	at java.desktop/javax.swing.JOptionPane.showMessageDialog(JOptionPane.java:677)
	at java.desktop/javax.swing.JOptionPane.showMessageDialog(JOptionPane.java:648)
	at app.MainView.removeMusica(MainView.java:232)
	at app.MusicaPopupListener.lambda$showPopup$1(MusicaPopupListener.java:73)
	at java.desktop/javax.swing.AbstractButton.fireActionPerformed(AbstractButton.java:1972)
	at java.desktop/javax.swing.AbstractButton$Handler.actionPerformed(AbstractButton.java:2314)
	at java.desktop/javax.swing.DefaultButtonModel.fireActionPerformed(DefaultButtonModel.java:407)
	at java.desktop/javax.swing.DefaultButtonModel.setPressed(DefaultButtonModel.java:262)
	at java.desktop/javax.swing.AbstractButton.doClick(AbstractButton.java:374)
	at java.desktop/javax.swing.plaf.basic.BasicMenuItemUI.doClick(BasicMenuItemUI.java:1029)
	at java.desktop/javax.swing.plaf.basic.BasicMenuItemUI$Handler.mouseReleased(BasicMenuItemUI.java:1073)
	at java.desktop/java.awt.Component.processMouseEvent(Component.java:6576)
	at java.desktop/javax.swing.JComponent.processMouseEvent(JComponent.java:3404)
	at java.desktop/java.awt.Component.processEvent(Component.java:6341)
	at java.desktop/java.awt.Container.processEvent(Container.java:2260)
	at java.desktop/java.awt.Component.dispatchEventImpl(Component.java:4958)
	at java.desktop/java.awt.Container.dispatchEventImpl(Container.java:2318)
	at java.desktop/java.awt.Component.dispatchEvent(Component.java:4790)
	at java.desktop/java.awt.LightweightDispatcher.retargetMouseEvent(Container.java:4916)
	at java.desktop/java.awt.LightweightDispatcher.processMouseEvent(Container.java:4559)
	at java.desktop/java.awt.LightweightDispatcher.dispatchEvent(Container.java:4500)
	at java.desktop/java.awt.Container.dispatchEventImpl(Container.java:2304)
	at java.desktop/java.awt.Window.dispatchEventImpl(Window.java:2671)
	at java.desktop/java.awt.Component.dispatchEvent(Component.java:4790)
	at java.desktop/java.awt.EventQueue.dispatchEventImpl(EventQueue.java:725)
	at java.desktop/java.awt.EventQueue.dispatchEvent(EventQueue.java:702)
	at java.desktop/java.awt.EventDispatchThread.pumpOneEventForFilters(EventDispatchThread.java:203)
	at java.desktop/java.awt.EventDispatchThread.pumpEventsForFilter(EventDispatchThread.java:124)
	at java.desktop/java.awt.EventDispatchThread.pumpEventsForHierarchy(EventDispatchThread.java:113)
	at java.desktop/java.awt.EventDispatchThread.pumpEvents(EventDispatchThread.java:109)
	at java.desktop/java.awt.EventDispatchThread.pumpEvents(EventDispatchThread.java:101)
	at java.desktop/java.awt.EventDispatchThread.run(EventDispatchThread.java:90)
]]></system-err>
  </testcase>
  <testcase name="testScenario_EditMusicaSuccessfully" classname="e2e.MusicaE2ETest" time="15.867">
    <system-out><![CDATA[[UsuarioRepository] Usuário de teste 'test@test.com' adicionado para E2E.
[FileStorage] Arquivo CSV existente detectado em: C:\Users\PC\musicas.csv
[FileStorage] Arquivo salvo com sucesso em: C:\Users\PC\musicas.csv
[FileStorage] Arquivo CSV existente detectado em: C:\Users\PC\musicas.csv
[FileStorage] Arquivo salvo com sucesso em: C:\Users\PC\musicas.csv
[FileStorage] Arquivo CSV existente detectado em: C:\Users\PC\musicas.csv
[FileStorage] Arquivo salvo com sucesso em: C:\Users\PC\musicas.csv
]]></system-out>
    <system-err><![CDATA[Exception in thread "AWT-EventQueue-0" java.lang.IndexOutOfBoundsException: Index 3 out of bounds for length 3
	at java.base/jdk.internal.util.Preconditions.outOfBounds(Preconditions.java:100)
	at java.base/jdk.internal.util.Preconditions.outOfBoundsCheckIndex(Preconditions.java:106)
	at java.base/jdk.internal.util.Preconditions.checkIndex(Preconditions.java:302)
	at java.base/java.util.Objects.checkIndex(Objects.java:365)
	at java.base/java.util.ArrayList.get(ArrayList.java:428)
	at java.base/java.util.Collections$UnmodifiableList.get(Collections.java:1502)
	at app.MusicaTableModel.getValueAt(MusicaTableModel.java:48)
	at java.desktop/javax.swing.JTable.getValueAt(JTable.java:2774)
	at java.desktop/javax.swing.JTable.prepareRenderer(JTable.java:5804)
	at java.desktop/javax.swing.plaf.basic.BasicTableUI.paintCell(BasicTableUI.java:2187)
	at java.desktop/javax.swing.plaf.basic.BasicTableUI.paintCells(BasicTableUI.java:2086)
	at java.desktop/javax.swing.plaf.basic.BasicTableUI.paint(BasicTableUI.java:1882)
	at java.desktop/javax.swing.plaf.ComponentUI.update(ComponentUI.java:161)
	at java.desktop/javax.swing.JComponent.paintComponent(JComponent.java:852)
	at java.desktop/javax.swing.JComponent.paint(JComponent.java:1128)
	at java.desktop/javax.swing.JComponent.paintChildren(JComponent.java:961)
	at java.desktop/javax.swing.JComponent.paint(JComponent.java:1137)
	at java.desktop/javax.swing.JViewport.paint(JViewport.java:736)
	at java.desktop/javax.swing.JComponent.paintChildren(JComponent.java:961)
	at java.desktop/javax.swing.JComponent.paint(JComponent.java:1137)
	at java.desktop/javax.swing.JComponent.paintChildren(JComponent.java:961)
	at java.desktop/javax.swing.JComponent.paint(JComponent.java:1137)
	at java.desktop/javax.swing.JComponent.paintChildren(JComponent.java:961)
	at java.desktop/javax.swing.JComponent.paint(JComponent.java:1137)
	at java.desktop/javax.swing.JComponent.paintChildren(JComponent.java:961)
	at java.desktop/javax.swing.JComponent.paint(JComponent.java:1137)
	at java.desktop/javax.swing.JLayeredPane.paint(JLayeredPane.java:586)
	at java.desktop/javax.swing.JComponent.paintChildren(JComponent.java:961)
	at java.desktop/javax.swing.JComponent.paintToOffscreen(JComponent.java:5331)
	at java.desktop/javax.swing.RepaintManager$PaintManager.paintDoubleBufferedImpl(RepaintManager.java:1599)
	at java.desktop/javax.swing.RepaintManager$PaintManager.paintDoubleBuffered(RepaintManager.java:1574)
	at java.desktop/javax.swing.RepaintManager$PaintManager.paint(RepaintManager.java:1512)
	at java.desktop/javax.swing.RepaintManager.paint(RepaintManager.java:1279)
	at java.desktop/javax.swing.JComponent.paint(JComponent.java:1114)
	at java.desktop/java.awt.GraphicsCallback$PaintCallback.run(GraphicsCallback.java:39)
	at java.desktop/sun.awt.SunGraphicsCallback.runOneComponent(SunGraphicsCallback.java:75)
	at java.desktop/sun.awt.SunGraphicsCallback.runComponents(SunGraphicsCallback.java:112)
	at java.desktop/java.awt.Container.paint(Container.java:1999)
	at java.desktop/java.awt.Window.paint(Window.java:3850)
	at java.desktop/javax.swing.RepaintManager.paintDirtyRegions(RepaintManager.java:836)
	at java.desktop/javax.swing.RepaintManager.paintDirtyRegions(RepaintManager.java:788)
	at java.desktop/javax.swing.RepaintManager.prePaintDirtyRegions(RepaintManager.java:738)
	at java.desktop/javax.swing.RepaintManager$ProcessingRunnable.run(RepaintManager.java:1840)
	at java.desktop/java.awt.event.InvocationEvent.dispatch(InvocationEvent.java:318)
	at java.desktop/java.awt.EventQueue.dispatchEventImpl(EventQueue.java:723)
	at java.desktop/java.awt.EventQueue.dispatchEvent(EventQueue.java:702)
	at java.desktop/java.awt.EventDispatchThread.pumpOneEventForFilters(EventDispatchThread.java:203)
	at java.desktop/java.awt.EventDispatchThread.pumpEventsForFilter(EventDispatchThread.java:124)
	at java.desktop/java.awt.EventDispatchThread.pumpEventsForFilter(EventDispatchThread.java:117)
	at java.desktop/java.awt.WaitDispatchSupport$2.run(WaitDispatchSupport.java:187)
	at java.desktop/java.awt.WaitDispatchSupport.enter(WaitDispatchSupport.java:229)
	at java.desktop/java.awt.Dialog.show(Dialog.java:1051)
	at java.desktop/javax.swing.JOptionPane.showOptionDialog(JOptionPane.java:881)
	at java.desktop/javax.swing.JOptionPane.showMessageDialog(JOptionPane.java:677)
	at java.desktop/javax.swing.JOptionPane.showMessageDialog(JOptionPane.java:648)
	at app.MainView.removeMusica(MainView.java:232)
	at app.MusicaPopupListener.lambda$showPopup$1(MusicaPopupListener.java:73)
	at java.desktop/javax.swing.AbstractButton.fireActionPerformed(AbstractButton.java:1972)
	at java.desktop/javax.swing.AbstractButton$Handler.actionPerformed(AbstractButton.java:2314)
	at java.desktop/javax.swing.DefaultButtonModel.fireActionPerformed(DefaultButtonModel.java:407)
	at java.desktop/javax.swing.DefaultButtonModel.setPressed(DefaultButtonModel.java:262)
	at java.desktop/javax.swing.AbstractButton.doClick(AbstractButton.java:374)
	at java.desktop/javax.swing.plaf.basic.BasicMenuItemUI.doClick(BasicMenuItemUI.java:1029)
	at java.desktop/javax.swing.plaf.basic.BasicMenuItemUI$Handler.mouseReleased(BasicMenuItemUI.java:1073)
	at java.desktop/java.awt.Component.processMouseEvent(Component.java:6576)
	at java.desktop/javax.swing.JComponent.processMouseEvent(JComponent.java:3404)
	at java.desktop/java.awt.Component.processEvent(Component.java:6341)
	at java.desktop/java.awt.Container.processEvent(Container.java:2260)
	at java.desktop/java.awt.Component.dispatchEventImpl(Component.java:4958)
	at java.desktop/java.awt.Container.dispatchEventImpl(Container.java:2318)
	at java.desktop/java.awt.Component.dispatchEvent(Component.java:4790)
	at java.desktop/java.awt.LightweightDispatcher.retargetMouseEvent(Container.java:4916)
	at java.desktop/java.awt.LightweightDispatcher.processMouseEvent(Container.java:4559)
	at java.desktop/java.awt.LightweightDispatcher.dispatchEvent(Container.java:4500)
	at java.desktop/java.awt.Container.dispatchEventImpl(Container.java:2304)
	at java.desktop/java.awt.Window.dispatchEventImpl(Window.java:2671)
	at java.desktop/java.awt.Component.dispatchEvent(Component.java:4790)
	at java.desktop/java.awt.EventQueue.dispatchEventImpl(EventQueue.java:725)
	at java.desktop/java.awt.EventQueue.dispatchEvent(EventQueue.java:702)
	at java.desktop/java.awt.EventDispatchThread.pumpOneEventForFilters(EventDispatchThread.java:203)
	at java.desktop/java.awt.EventDispatchThread.pumpEventsForFilter(EventDispatchThread.java:124)
	at java.desktop/java.awt.EventDispatchThread.pumpEventsForHierarchy(EventDispatchThread.java:113)
	at java.desktop/java.awt.EventDispatchThread.pumpEvents(EventDispatchThread.java:109)
	at java.desktop/java.awt.EventDispatchThread.pumpEvents(EventDispatchThread.java:101)
	at java.desktop/java.awt.EventDispatchThread.run(EventDispatchThread.java:90)
]]></system-err>
  </testcase>
</testsuite>